<?xml version="1.0" encoding="UTF-8"?>
<!-- Generated by org.testng.reporters.JUnitXMLReporter -->
<testsuite ignored="3" hostname="AKKI" failures="0" tests="1" name="Default test(failed)(failed)(failed)" time="5.893" errors="0" timestamp="2022-06-18T20:11:24 IST">
  <testcase classname="TestCases.Failed_Xml_Program" name="verifyzerodhaLogoTest" time="0.091"/>
  <testcase classname="TestCases.Failed_Xml_Program" name="verifykiteLogoTest" time="0.0">
    <ignored/>
  </testcase> <!-- verifykiteLogoTest -->
  <testcase classname="TestCases.Failed_Xml_Program" name="verifyTitleTest" time="0.0">
    <ignored/>
  </testcase> <!-- verifyTitleTest -->
  <testcase classname="TestCases.Failed_Xml_Program" name="loginToAppTest" time="0.0">
    <ignored/>
  </testcase> <!-- loginToAppTest -->
</testsuite> <!-- Default test(failed)(failed)(failed) -->
